#
# There is insufficient memory for the Java Runtime Environment to continue.
# Native memory allocation (malloc) failed to allocate 1048576 bytes. Error detail: AllocateHeap
# Possible reasons:
#   The system is out of physical RAM or swap space
#   This process is running with CompressedOops enabled, and the Java Heap may be blocking the growth of the native heap
# Possible solutions:
#   Reduce memory load on the system
#   Increase physical memory or swap space
#   Check if swap backing store is full
#   Decrease Java heap size (-Xmx/-Xms)
#   Decrease number of Java threads
#   Decrease Java thread stack sizes (-Xss)
#   Set larger code cache with -XX:ReservedCodeCacheSize=
#   JVM is running with Unscaled Compressed Oops mode in which the Java heap is
#     placed in the first 4GB address space. The Java Heap base address is the
#     maximum limit for the native heap growth. Please use -XX:HeapBaseMinAddress
#     to set the Java Heap base and to place the Java Heap above 4GB virtual address.
# This output file may be truncated or incomplete.
#
#  Out of Memory Error (allocation.cpp:44), pid=8964, tid=2988
#
# JRE version:  (21.0.9+10) (build )
# Java VM: OpenJDK 64-Bit Server VM (21.0.9+10-LTS, mixed mode, sharing, tiered, compressed oops, compressed class ptrs, parallel gc, windows-amd64)
# No core dump will be written. Minidumps are not enabled by default on client versions of Windows
#

---------------  S U M M A R Y ------------

Command Line: --add-modules=ALL-SYSTEM --add-opens=java.base/java.util=ALL-UNNAMED --add-opens=java.base/java.lang=ALL-UNNAMED --add-opens=java.base/sun.nio.fs=ALL-UNNAMED -Declipse.application=org.eclipse.jdt.ls.core.id1 -Dosgi.bundles.defaultStartLevel=4 -Declipse.product=org.eclipse.jdt.ls.core.product -Djava.import.generatesMetadataFilesAtProjectRoot=false -DDetectVMInstallationsJob.disabled=true -Dfile.encoding=utf8 -XX:+UseParallelGC -XX:GCTimeRatio=4 -XX:AdaptiveSizePolicyWeight=90 -Dsun.zip.disableMemoryMapping=true -Xmx2G -Xms100m -Xlog:disable -javaagent:c:\Users\ankit\.vscode\extensions\redhat.java-1.52.0-win32-x64\lombok\lombok-1.18.39-4050.jar -XX:+HeapDumpOnOutOfMemoryError -XX:HeapDumpPath=c:\Users\ankit\AppData\Roaming\Code\User\workspaceStorage\a3671561678c19015781a49cc90ed25e\redhat.java -Daether.dependencyCollector.impl=bf c:\Users\ankit\.vscode\extensions\redhat.java-1.52.0-win32-x64\server\plugins\org.eclipse.equinox.launcher_1.7.100.v20251111-0406.jar -configuration c:\Users\ankit\AppData\Roaming\Code\User\globalStorage\redhat.java\1.52.0\config_win -data c:\Users\ankit\AppData\Roaming\Code\User\workspaceStorage\a3671561678c19015781a49cc90ed25e\redhat.java\jdt_ws --pipe=\\.\pipe\lsp-5206c990623f0896a7bc6f6ecf0161e4-sock

Host: 11th Gen Intel(R) Core(TM) i5-11400H @ 2.70GHz, 12 cores, 7G,  Windows 11 , 64 bit Build 26100 (10.0.26100.7733)
Time: Tue Feb 17 00:56:29 2026 India Standard Time elapsed time: 0.394026 seconds (0d 0h 0m 0s)

---------------  T H R E A D  ---------------

Current thread (0x000001660b17fad0):  JavaThread "Unknown thread" [_thread_in_vm, id=2988, stack(0x000000222cb00000,0x000000222cc00000) (1024K)]

Stack: [0x000000222cb00000,0x000000222cc00000]
Native frames: (J=compiled Java code, j=interpreted, Vv=VM code, C=native code)
V  [jvm.dll+0x6d6e29]
V  [jvm.dll+0x8b4b76]
V  [jvm.dll+0x8b712e]
V  [jvm.dll+0x8b7813]
V  [jvm.dll+0x283d86]
V  [jvm.dll+0xc1277]
V  [jvm.dll+0x70afc0]
V  [jvm.dll+0x70bb2c]
V  [jvm.dll+0x6e59c3]
V  [jvm.dll+0x87e58c]
V  [jvm.dll+0x3c42fc]
V  [jvm.dll+0x86727b]
V  [jvm.dll+0x457391]
V  [jvm.dll+0x458f81]
C  [jli.dll+0x52d0]
C  [ucrtbase.dll+0x37b0]
C  [KERNEL32.DLL+0x2e8d7]
C  [ntdll.dll+0x8c48c]


---------------  P R O C E S S  ---------------

Threads class SMR info:
_java_thread_list=0x000001660b1a77b0, length=1, elements={
0x000001660b17fad0
}

Java Threads: ( => current thread )
=>0x000001660b17fad0 JavaThread "Unknown thread"             [_thread_in_vm, id=2988, stack(0x000000222cb00000,0x000000222cc00000) (1024K)]
Total: 1

Other Threads:
  0x000001660b1eaa80 WatcherThread "VM Periodic Task Thread"        [id=15600, stack(0x000000222cd00000,0x000000222ce00000) (1024K)]
  0x000001660b19e010 WorkerThread "GC Thread#0"                     [id=15596, stack(0x000000222cc00000,0x000000222cd00000) (1024K)]
Total: 2

Threads with active compile tasks:
Total: 0

VM state: not at safepoint (normal execution)

VM Mutex/Monitor currently owned by a thread: None

Heap address: 0x0000000080000000, size: 2048 MB, Compressed Oops mode: 32-bit

CDS archive(s) mapped at: [0x0000016622000000-0x0000016622ba0000-0x0000016622ba0000), size 12189696, SharedBaseAddress: 0x0000016622000000, ArchiveRelocationMode: 1.
Compressed class space mapped at: 0x0000016623000000-0x0000016663000000, reserved size: 1073741824
Narrow klass base: 0x0000016622000000, Narrow klass shift: 0, Narrow klass range: 0x100000000

GC Precious Log:
 CardTable entry size: 512
 CPUs: 12 total, 12 available
 Memory: 7830M
 Large Page Support: Disabled
 NUMA Support: Disabled
 Compressed Oops: Enabled (32-bit)
 Alignments: Space 512K, Generation 512K, Heap 2M
 Heap Min Capacity: 100M
 Heap Initial Capacity: 100M
 Heap Max Capacity: 2G
 Pre-touch: Disabled
 Parallel Workers: 10

Heap:
 PSYoungGen      total 29696K, used 512K [0x00000000d5580000, 0x00000000d7680000, 0x0000000100000000)
  eden space 25600K, 2% used [0x00000000d5580000,0x00000000d5600020,0x00000000d6e80000)
  from space 4096K, 0% used [0x00000000d7280000,0x00000000d7280000,0x00000000d7680000)
  to   space 4096K, 0% used [0x00000000d6e80000,0x00000000d6e80000,0x00000000d7280000)
 ParOldGen       total 68608K, used 0K [0x0000000080000000, 0x0000000084300000, 0x00000000d5580000)
  object space 68608K, 0% used [0x0000000080000000,0x0000000080000000,0x0000000084300000)
 Metaspace       used 0K, committed 0K, reserved 1048576K
  class space    used 0K, committed 0K, reserved 1048576K

Card table byte_map: [0x000001660ab20000,0x000001660af30000] _byte_map_base: 0x000001660a720000

Marking Bits: (ParMarkBitMap*) 0x00007ff824d12460
 Begin Bits: [0x000001661d630000, 0x000001661f630000)
 End Bits:   [0x000001661f630000, 0x0000016621630000)

Polling page: 0x0000016608ff0000

Metaspace:

Usage:
  Non-class:      0 bytes used.
      Class:      0 bytes used.
       Both:      0 bytes used.

Virtual space:
  Non-class space:        0 bytes reserved,       0 bytes (  ?%) committed,  0 nodes.
      Class space:        1.00 GB reserved,       0 bytes (  0%) committed,  1 nodes.
             Both:        1.00 GB reserved,       0 bytes (  0%) committed. 

Chunk freelists:
   Non-Class:  0 bytes
       Class:  16.00 MB
        Both:  16.00 MB

MaxMetaspaceSize: unlimited
CompressedClassSpaceSize: 1.00 GB
Initial GC threshold: 21.00 MB
Current GC threshold: 17179869184.00 GB
CDS: on
 - commit_granule_bytes: 65536.
 - commit_granule_words: 8192.
 - virtual_space_node_default_size: 8388608.
 - enlarge_chunks_in_place: 1.
 - use_allocation_guard: 0.


Internal statistics:

num_allocs_failed_limit: 0.
num_arena_births: 0.
num_arena_deaths: 0.
num_vsnodes_births: 1.
num_vsnodes_deaths: 0.
num_space_committed: 0.
num_space_uncommitted: 0.
num_chunks_returned_to_freelist: 0.
num_chunks_taken_from_freelist: 1.
num_chunk_merges: 0.
num_chunk_splits: 1.
num_chunks_enlarged: 0.
num_inconsistent_stats: 0.

CodeHeap 'non-profiled nmethods': size=120000Kb used=0Kb max_used=0Kb free=120000Kb
 bounds [0x0000016615e50000, 0x00000166160c0000, 0x000001661d380000]
CodeHeap 'profiled nmethods': size=120000Kb used=0Kb max_used=0Kb free=120000Kb
 bounds [0x000001660e380000, 0x000001660e5f0000, 0x00000166158b0000]
CodeHeap 'non-nmethods': size=5760Kb used=199Kb max_used=348Kb free=5560Kb
 bounds [0x00000166158b0000, 0x0000016615b20000, 0x0000016615e50000]
CodeCache: size=245760Kb, used=199Kb, max_used=348Kb, free=245560Kb
 total_blobs=70, nmethods=0, adapters=48, full_count=0
Compilation: enabled, stopped_count=0, restarted_count=0

Compilation events (0 events):
No events

GC Heap History (0 events):
No events

Dll operation events (1 events):
Event: 0.022 Loaded shared library c:\Users\ankit\.vscode\extensions\redhat.java-1.52.0-win32-x64\jre\21.0.9-win32-x86_64\bin\java.dll

Deoptimization events (0 events):
No events

Classes loaded (0 events):
No events

Classes unloaded (0 events):
No events

Classes redefined (0 events):
No events

Internal exceptions (0 events):
No events

ZGC Phase Switch (0 events):
No events

VM Operations (0 events):
No events

Memory protections (0 events):
No events

Nmethod flushes (0 events):
No events

Events (1 events):
Event: 0.052 Thread 0x000001660b17fad0 Thread added: 0x000001660b17fad0


Dynamic libraries:
0x00007ff663430000 - 0x00007ff66343e000 	c:\Users\ankit\.vscode\extensions\redhat.java-1.52.0-win32-x64\jre\21.0.9-win32-x86_64\bin\java.exe
0x00007ff8ca3e0000 - 0x00007ff8ca647000 	C:\WINDOWS\SYSTEM32\ntdll.dll
0x00007ff8c8190000 - 0x00007ff8c8259000 	C:\WINDOWS\System32\KERNEL32.DLL
0x00007ff8c77d0000 - 0x00007ff8c7bc2000 	C:\WINDOWS\System32\KERNELBASE.dll
0x00007ff8c7d60000 - 0x00007ff8c7eab000 	C:\WINDOWS\System32\ucrtbase.dll
0x00007ff88e440000 - 0x00007ff88e45e000 	c:\Users\ankit\.vscode\extensions\redhat.java-1.52.0-win32-x64\jre\21.0.9-win32-x86_64\bin\VCRUNTIME140.dll
0x00007ff886510000 - 0x00007ff886528000 	c:\Users\ankit\.vscode\extensions\redhat.java-1.52.0-win32-x64\jre\21.0.9-win32-x86_64\bin\jli.dll
0x00007ff8c9a70000 - 0x00007ff8c9c35000 	C:\WINDOWS\System32\USER32.dll
0x00007ff8ac990000 - 0x00007ff8acc23000 	C:\WINDOWS\WinSxS\amd64_microsoft.windows.common-controls_6595b64144ccf1df_6.0.26100.7733_none_3e0987e8e33353c7\COMCTL32.dll
0x00007ff8c7c80000 - 0x00007ff8c7ca7000 	C:\WINDOWS\System32\win32u.dll
0x00007ff8c9170000 - 0x00007ff8c9219000 	C:\WINDOWS\System32\msvcrt.dll
0x00007ff8c9130000 - 0x00007ff8c915b000 	C:\WINDOWS\System32\GDI32.dll
0x00007ff8c76a0000 - 0x00007ff8c77ca000 	C:\WINDOWS\System32\gdi32full.dll
0x00007ff8c7cb0000 - 0x00007ff8c7d53000 	C:\WINDOWS\System32\msvcp_win.dll
0x00007ff8c90f0000 - 0x00007ff8c9121000 	C:\WINDOWS\System32\IMM32.DLL
0x00007ff8bc4e0000 - 0x00007ff8bc4ec000 	c:\Users\ankit\.vscode\extensions\redhat.java-1.52.0-win32-x64\jre\21.0.9-win32-x86_64\bin\vcruntime140_1.dll
0x00007ff885620000 - 0x00007ff8856ad000 	c:\Users\ankit\.vscode\extensions\redhat.java-1.52.0-win32-x64\jre\21.0.9-win32-x86_64\bin\msvcp140.dll
0x00007ff824050000 - 0x00007ff824df0000 	c:\Users\ankit\.vscode\extensions\redhat.java-1.52.0-win32-x64\jre\21.0.9-win32-x86_64\bin\server\jvm.dll
0x00007ff8c8880000 - 0x00007ff8c8933000 	C:\WINDOWS\System32\ADVAPI32.dll
0x00007ff8c8a00000 - 0x00007ff8c8aa6000 	C:\WINDOWS\System32\sechost.dll
0x00007ff8c8d90000 - 0x00007ff8c8ea8000 	C:\WINDOWS\System32\RPCRT4.dll
0x00007ff8c99f0000 - 0x00007ff8c9a64000 	C:\WINDOWS\System32\WS2_32.dll
0x00007ff8c6b20000 - 0x00007ff8c6b7e000 	C:\WINDOWS\SYSTEM32\POWRPROF.dll
0x00007ff8bed70000 - 0x00007ff8bed7b000 	C:\WINDOWS\SYSTEM32\VERSION.dll
0x00007ff8bc8e0000 - 0x00007ff8bc915000 	C:\WINDOWS\SYSTEM32\WINMM.dll
0x00007ff8c6b00000 - 0x00007ff8c6b14000 	C:\WINDOWS\SYSTEM32\UMPDC.dll
0x00007ff8c5a00000 - 0x00007ff8c5a1b000 	C:\WINDOWS\SYSTEM32\kernel.appcore.dll
0x00007ff8bc310000 - 0x00007ff8bc31a000 	c:\Users\ankit\.vscode\extensions\redhat.java-1.52.0-win32-x64\jre\21.0.9-win32-x86_64\bin\jimage.dll
0x00007ff8c4c20000 - 0x00007ff8c4e62000 	C:\WINDOWS\SYSTEM32\DBGHELP.DLL
0x00007ff8c9e30000 - 0x00007ff8ca1b3000 	C:\WINDOWS\System32\combase.dll
0x00007ff8c8eb0000 - 0x00007ff8c8f87000 	C:\WINDOWS\System32\OLEAUT32.dll
0x00007ff8aab80000 - 0x00007ff8aabbb000 	C:\WINDOWS\SYSTEM32\dbgcore.DLL
0x00007ff8c7bd0000 - 0x00007ff8c7c75000 	C:\WINDOWS\System32\bcryptPrimitives.dll
0x00007ff8bc060000 - 0x00007ff8bc06f000 	c:\Users\ankit\.vscode\extensions\redhat.java-1.52.0-win32-x64\jre\21.0.9-win32-x86_64\bin\instrument.dll
0x00007ff886140000 - 0x00007ff886160000 	c:\Users\ankit\.vscode\extensions\redhat.java-1.52.0-win32-x64\jre\21.0.9-win32-x86_64\bin\java.dll

JVMTI agents:
c:\Users\ankit\.vscode\extensions\redhat.java-1.52.0-win32-x64\lombok\lombok-1.18.39-4050.jar path:none, loaded, not initialized, instrumentlib options:none

dbghelp: loaded successfully - version: 4.0.5 - missing functions: none
symbol engine: initialized successfully - sym options: 0x614 - pdb path: .;c:\Users\ankit\.vscode\extensions\redhat.java-1.52.0-win32-x64\jre\21.0.9-win32-x86_64\bin;C:\WINDOWS\SYSTEM32;C:\WINDOWS\WinSxS\amd64_microsoft.windows.common-controls_6595b64144ccf1df_6.0.26100.7733_none_3e0987e8e33353c7;c:\Users\ankit\.vscode\extensions\redhat.java-1.52.0-win32-x64\jre\21.0.9-win32-x86_64\bin\server

VM Arguments:
jvm_args: --add-modules=ALL-SYSTEM --add-opens=java.base/java.util=ALL-UNNAMED --add-opens=java.base/java.lang=ALL-UNNAMED --add-opens=java.base/sun.nio.fs=ALL-UNNAMED -Declipse.application=org.eclipse.jdt.ls.core.id1 -Dosgi.bundles.defaultStartLevel=4 -Declipse.product=org.eclipse.jdt.ls.core.product -Djava.import.generatesMetadataFilesAtProjectRoot=false -DDetectVMInstallationsJob.disabled=true -Dfile.encoding=utf8 -XX:+UseParallelGC -XX:GCTimeRatio=4 -XX:AdaptiveSizePolicyWeight=90 -Dsun.zip.disableMemoryMapping=true -Xmx2G -Xms100m -Xlog:disable -javaagent:c:\Users\ankit\.vscode\extensions\redhat.java-1.52.0-win32-x64\lombok\lombok-1.18.39-4050.jar -XX:+HeapDumpOnOutOfMemoryError -XX:HeapDumpPath=c:\Users\ankit\AppData\Roaming\Code\User\workspaceStorage\a3671561678c19015781a49cc90ed25e\redhat.java -Daether.dependencyCollector.impl=bf 
java_command: c:\Users\ankit\.vscode\extensions\redhat.java-1.52.0-win32-x64\server\plugins\org.eclipse.equinox.launcher_1.7.100.v20251111-0406.jar -configuration c:\Users\ankit\AppData\Roaming\Code\User\globalStorage\redhat.java\1.52.0\config_win -data c:\Users\ankit\AppData\Roaming\Code\User\workspaceStorage\a3671561678c19015781a49cc90ed25e\redhat.java\jdt_ws --pipe=\\.\pipe\lsp-5206c990623f0896a7bc6f6ecf0161e4-sock
java_class_path (initial): c:\Users\ankit\.vscode\extensions\redhat.java-1.52.0-win32-x64\server\plugins\org.eclipse.equinox.launcher_1.7.100.v20251111-0406.jar
Launcher Type: SUN_STANDARD

[Global flags]
    uintx AdaptiveSizePolicyWeight                 = 90                                        {product} {command line}
     intx CICompilerCount                          = 4                                         {product} {ergonomic}
    uintx GCTimeRatio                              = 4                                         {product} {command line}
     bool HeapDumpOnOutOfMemoryError               = true                                   {manageable} {command line}
    ccstr HeapDumpPath                             = c:\Users\ankit\AppData\Roaming\Code\User\workspaceStorage\a3671561678c19015781a49cc90ed25e\redhat.java         {manageable} {command line}
   size_t InitialHeapSize                          = 104857600                                 {product} {command line}
   size_t MaxHeapSize                              = 2147483648                                {product} {command line}
   size_t MaxNewSize                               = 715653120                                 {product} {ergonomic}
   size_t MinHeapDeltaBytes                        = 524288                                    {product} {ergonomic}
   size_t MinHeapSize                              = 104857600                                 {product} {command line}
   size_t NewSize                                  = 34603008                                  {product} {ergonomic}
    uintx NonNMethodCodeHeapSize                   = 5839372                                {pd product} {ergonomic}
    uintx NonProfiledCodeHeapSize                  = 122909434                              {pd product} {ergonomic}
   size_t OldSize                                  = 70254592                                  {product} {ergonomic}
    uintx ProfiledCodeHeapSize                     = 122909434                              {pd product} {ergonomic}
    uintx ReservedCodeCacheSize                    = 251658240                              {pd product} {ergonomic}
     bool SegmentedCodeCache                       = true                                      {product} {ergonomic}
   size_t SoftMaxHeapSize                          = 2147483648                             {manageable} {ergonomic}
     bool UseCompressedOops                        = true                           {product lp64_product} {ergonomic}
     bool UseLargePagesIndividualAllocation        = false                                  {pd product} {ergonomic}
     bool UseParallelGC                            = true                                      {product} {command line}

Logging:
Log output configuration:
 #0: stdout all=off uptime,level,tags foldmultilines=false
 #1: stderr all=off uptime,level,tags foldmultilines=false

Release file:
<release file has not been read>
Environment Variables:
JAVA_HOME=C:\Users\ankit\AppData\Local\Programs\Eclipse Adoptium\jdk-17.0.17.10-hotspot
PATH=C:\Users\ankit\AppData\Local\Programs\Eclipse Adoptium\jdk-17.0.17.10-hotspot\bin;C:\windows\system32;C:\windows;C:\windows\System32\Wbem;C:\windows\System32\WindowsPowerShell\v1.0\;C:\windows\System32\OpenSSH\;C:\Program Files (x86)\NVIDIA Corporation\PhysX\Common;C:\Program Files\NVIDIA Corporation\NVIDIA NvDLISR;C:\WINDOWS\system32;C:\WINDOWS;C:\WINDOWS\System32\Wbem;C:\WINDOWS\System32\WindowsPowerShell\v1.0\;C:\WINDOWS\System32\OpenSSH\;C:\Program Files\Git\cmd;C:\Program Files\Git\mingw64\bin;C:\Program Files\Git\usr\bin;C:\Program Files\MongoDB\Server\8.0\bin;C:\Program Files\cursor\resources\app\bin;C:\Users\ankit\OneDrive\Documents\Desktop\apache-maven-3.9.11\bin;C:\Program Files\Docker\Docker\resources\bin;%NVM_HOME%;%NVM_SYMLINK%;C:\Users\ankit\AppData\Local\Programs\Eclipse Adoptium\jdk-17.0.17.10-hotspot\bin;C:\Program Files\MySQL\MySQL Shell 8.0\bin\;C:\Users\ankit\AppData\Local\Programs\Python\Python313\Scripts\;C:\Users\ankit\AppData\Local\Programs\Python\Python313\;C:\Users\ankit\AppData\Local\Programs\Python\Launcher\;C:\Users\ankit\AppData\Local\Microsoft\WindowsApps;C:\Users\ankit\AppData\Local\Programs\Microsoft VS Code\bin;C:\Program Files\mongosh\;C:\Users\ankit\AppData\Local\Programs\Antigravity\bin;C:\Users\ankit\AppData\Local\nvm;C:\nvm4w\nodejs
USERNAME=ankit
OS=Windows_NT
PROCESSOR_IDENTIFIER=Intel64 Family 6 Model 141 Stepping 1, GenuineIntel
TMP=C:\Users\ankit\AppData\Local\Temp
TEMP=C:\Users\ankit\AppData\Local\Temp




Periodic native trim disabled

---------------  S Y S T E M  ---------------

OS:
 Windows 11 , 64 bit Build 26100 (10.0.26100.7733)
OS uptime: 0 days 9:33 hours
Hyper-V role detected

CPU: total 12 (initial active 12) (6 cores per cpu, 2 threads per core) family 6 model 141 stepping 1 microcode 0x56, cx8, cmov, fxsr, ht, mmx, 3dnowpref, sse, sse2, sse3, ssse3, sse4.1, sse4.2, popcnt, lzcnt, tsc, tscinvbit, avx, avx2, aes, erms, clmul, bmi1, bmi2, adx, avx512f, avx512dq, avx512cd, avx512bw, avx512vl, sha, fma, vzeroupper, avx512_vpopcntdq, avx512_vpclmulqdq, avx512_vaes, avx512_vnni, clflush, clflushopt, clwb, avx512_vbmi2, avx512_vbmi, hv, rdtscp, rdpid, fsrm, gfni, avx512_bitalg, f16c, cet_ibt, cet_ss, avx512_ifma
Processor Information for the first 12 processors :
  Max Mhz: 2688, Current Mhz: 2688, Mhz Limit: 2688

Memory: 4k page, system-wide physical 7830M (501M free)
TotalPageFile size 16022M (AvailPageFile size 14M)
current process WorkingSet (physical memory assigned to process): 26M, peak: 26M
current process commit charge ("private bytes"): 211M, peak: 212M

vm_info: OpenJDK 64-Bit Server VM (21.0.9+10-LTS) for windows-amd64 JRE (21.0.9+10-LTS), built on 2025-10-21T00:00:00Z by "admin" with unknown MS VC++:1942

END.
